<?xml version="1.0" encoding="UTF-8"?>
<!-- Generated by org.testng.reporters.JUnitReportReporter -->
<testsuite hostname="NKCS-IN" failures="0" tests="1" name="mobileautomation.SwipingGeasture" time="5.559" errors="0" timestamp="2022-08-27T00:09:45 IST" skipped="0">
  <testcase classname="mobileautomation.SwipingGeasture" name="AppiumBasics" time="5.559"/>
  <system-out/>
</testsuite> <!-- mobileautomation.SwipingGeasture -->
