<?xml version="1.0" encoding="UTF-8"?>
<!-- Generated by org.testng.reporters.JUnitReportReporter -->
<testsuite hostname="NKCS-IN" failures="0" tests="1" name="eComm.FillForm_TC01" time="15.323" errors="0" timestamp="2022-09-02T00:59:19 IST" skipped="0">
  <testcase classname="eComm.FillForm_TC01" name="fillForm" time="15.323"/>
  <system-out/>
</testsuite> <!-- eComm.FillForm_TC01 -->
