<?xml version="1.0" encoding="UTF-8"?>
<!-- Generated by org.testng.reporters.JUnitReportReporter -->
<testsuite hostname="NKCS-IN" failures="0" tests="1" name="mobileautomation.AppPackageAppActivity" time="8.382" errors="0" timestamp="2022-09-01T20:01:06 IST" skipped="0">
  <testcase classname="mobileautomation.AppPackageAppActivity" name="AppiumBasics" time="8.382"/>
  <system-out/>
</testsuite> <!-- mobileautomation.AppPackageAppActivity -->
