<?xml version="1.0" encoding="UTF-8"?>
<!-- Generated by org.testng.reporters.JUnitReportReporter -->
<testsuite hostname="NKCS-IN" failures="0" tests="1" name="mobileautomation.MiscOperations" time="10.277" errors="0" timestamp="2022-09-01T17:26:48 IST" skipped="0">
  <testcase classname="mobileautomation.MiscOperations" name="AppiumBasics" time="10.277"/>
  <system-out/>
</testsuite> <!-- mobileautomation.MiscOperations -->
