<?xml version="1.0" encoding="UTF-8"?>
<!-- Generated by org.testng.reporters.JUnitReportReporter -->
<testsuite hostname="NKCS-IN" failures="0" tests="1" name="eComm.SelectItemAddToCart_TC02" time="28.206" errors="0" timestamp="2022-09-07T00:17:13 IST" skipped="0">
  <testcase classname="eComm.SelectItemAddToCart_TC02" name="fillForm" time="28.206"/>
  <system-out/>
</testsuite> <!-- eComm.SelectItemAddToCart_TC02 -->
