<?xml version="1.0" encoding="UTF-8"?>
<!-- Generated by org.testng.reporters.JUnitReportReporter -->
<testsuite hostname="NKCS-IN" failures="0" tests="1" name="mobileautomation.LognPressGeasture" time="6.561" errors="0" timestamp="2022-08-26T00:05:45 IST" skipped="0">
  <testcase classname="mobileautomation.LognPressGeasture" name="AppiumBasics" time="6.561"/>
  <system-out/>
</testsuite> <!-- mobileautomation.LognPressGeasture -->
