<?xml version="1.0" encoding="UTF-8"?>
<!-- Generated by org.testng.reporters.JUnitReportReporter -->
<testsuite hostname="NKCS-IN" failures="0" tests="1" name="eComm.SelectItemAddToCart_TC_02" time="24.107" errors="0" timestamp="2022-09-02T01:09:44 IST" skipped="0">
  <testcase classname="eComm.SelectItemAddToCart_TC_02" name="fillForm" time="24.107"/>
  <system-out/>
</testsuite> <!-- eComm.SelectItemAddToCart_TC_02 -->
