<?xml version="1.0" encoding="UTF-8"?>
<!-- Generated by org.testng.reporters.JUnitReportReporter -->
<testsuite hostname="NKCS-IN" failures="0" tests="1" name="mobileautomation.ScrollingGeasture" time="28.485" errors="0" timestamp="2022-08-26T00:51:03 IST" skipped="0">
  <testcase classname="mobileautomation.ScrollingGeasture" name="AppiumBasics" time="28.485"/>
  <system-out/>
</testsuite> <!-- mobileautomation.ScrollingGeasture -->
