<?xml version="1.0" encoding="UTF-8"?>
<!-- Generated by org.testng.reporters.JUnitReportReporter -->
<testsuite hostname="NKCS-IN" failures="0" tests="1" name="mobileautomation.DradDropAction" time="7.292" errors="0" timestamp="2022-08-27T22:44:37 IST" skipped="0">
  <testcase classname="mobileautomation.DradDropAction" name="dragDropAction" time="7.292"/>
  <system-out/>
</testsuite> <!-- mobileautomation.DradDropAction -->
